<?xml version="1.0" encoding="UTF-8"?>
<!-- Generated by org.testng.reporters.JUnitReportReporter -->
<testsuite skipped="0" hostname="BADBA02-E7250" name="com.qa.hubspot.java.DataProviderTest1" tests="3" failures="0" timestamp="13 May 2019 04:58:03 GMT" time="0.012" errors="0">
  <testcase name="setData" time="0.001" classname="com.qa.hubspot.java.DataProviderTest1"/>
  <testcase name="setData" time="0.002" classname="com.qa.hubspot.java.DataProviderTest1"/>
  <testcase name="setData" time="0.009" classname="com.qa.hubspot.java.DataProviderTest1"/>
</testsuite> <!-- com.qa.hubspot.java.DataProviderTest1 -->
