<?xml version="1.0" encoding="UTF-8"?>
<!-- Generated by org.testng.reporters.JUnitReportReporter -->
<testsuite skipped="0" hostname="BADBA02-E7250" name="com.qa.hubspot.java.DataProviderTest2" tests="4" failures="0" timestamp="13 May 2019 05:13:35 GMT" time="0.016" errors="0">
  <testcase name="setData" time="0.002" classname="com.qa.hubspot.java.DataProviderTest2"/>
  <testcase name="setData" time="0.003" classname="com.qa.hubspot.java.DataProviderTest2"/>
  <testcase name="setData" time="0.002" classname="com.qa.hubspot.java.DataProviderTest2"/>
  <testcase name="setData" time="0.009" classname="com.qa.hubspot.java.DataProviderTest2"/>
</testsuite> <!-- com.qa.hubspot.java.DataProviderTest2 -->
