<?xml version="1.0" encoding="UTF-8"?>
<!-- Generated by org.testng.reporters.JUnitReportReporter -->
<testsuite skipped="0" hostname="BADBA02-E7250" name="com.qa.hubspot.tests.ContactsPageTest" tests="1" failures="0" timestamp="14 May 2019 09:16:51 GMT" time="49.114" errors="0">
  <testcase name="createContactsTest" time="49.114" classname="com.qa.hubspot.tests.ContactsPageTest"/>
</testsuite> <!-- com.qa.hubspot.tests.ContactsPageTest -->
